<?xml version="1.0" encoding="UTF-8"?>
<testng-results skipped="0" failed="0" ignored="0" total="1" passed="1">
  <reporter-output>
  </reporter-output>
  <suite name="Default suite" duration-ms="3731" started-at="2019-01-27T13:11:32Z" finished-at="2019-01-27T13:11:35Z">
    <groups>
    </groups>
    <test name="Default test" duration-ms="3731" started-at="2019-01-27T13:11:32Z" finished-at="2019-01-27T13:11:35Z">
      <class name="org.com.restAPITests.GetAPITest">
        <test-method status="PASS" signature="setUp()[pri:0, instance:org.com.restAPITests.GetAPITest@2ef5e5e3]" name="setUp" is-config="true" duration-ms="2120" started-at="2019-01-27T13:11:32Z" finished-at="2019-01-27T13:11:34Z">
          <reporter-output>
          </reporter-output>
        </test-method> <!-- setUp -->
        <test-method status="PASS" signature="getTest()[pri:0, instance:org.com.restAPITests.GetAPITest@2ef5e5e3]" name="getTest" duration-ms="1579" started-at="2019-01-27T13:11:34Z" finished-at="2019-01-27T13:11:35Z">
          <reporter-output>
          </reporter-output>
        </test-method> <!-- getTest -->
      </class> <!-- org.com.restAPITests.GetAPITest -->
    </test> <!-- Default test -->
  </suite> <!-- Default suite -->
</testng-results>
